<?xml version="1.0" encoding="UTF-8"?>
<coverage generated="1742053287167" clover="3.2.0">
  <project timestamp="1742053287168" name="All files">
    <metrics statements="54" coveredstatements="42" conditionals="22" coveredconditionals="14" methods="4" coveredmethods="3" elements="80" coveredelements="59" complexity="0" loc="54" ncloc="54" packages="1" files="2" classes="2"/>
    <file name="sliding_window.js" path="/Users/john/Desktop/practice_algo/sliding_window.js">
      <metrics statements="41" coveredstatements="29" conditionals="16" coveredconditionals="9" methods="3" coveredmethods="2"/>
      <line num="2" count="1" type="stmt"/>
      <line num="3" count="1" type="stmt"/>
      <line num="4" count="1" type="stmt"/>
      <line num="5" count="1" type="stmt"/>
      <line num="6" count="1" type="stmt"/>
      <line num="8" count="1" type="stmt"/>
      <line num="9" count="5" type="stmt"/>
      <line num="11" count="5" type="cond" truecount="2" falsecount="0"/>
      <line num="12" count="4" type="cond" truecount="2" falsecount="0"/>
      <line num="13" count="4" type="stmt"/>
      <line num="14" count="4" type="stmt"/>
      <line num="18" count="1" type="stmt"/>
      <line num="24" count="1" type="stmt"/>
      <line num="25" count="0" type="stmt"/>
      <line num="26" count="0" type="stmt"/>
      <line num="27" count="0" type="stmt"/>
      <line num="29" count="0" type="stmt"/>
      <line num="30" count="0" type="stmt"/>
      <line num="32" count="0" type="cond" truecount="0" falsecount="4"/>
      <line num="33" count="0" type="stmt"/>
      <line num="36" count="0" type="stmt"/>
      <line num="37" count="0" type="stmt"/>
      <line num="38" count="0" type="cond" truecount="0" falsecount="2"/>
      <line num="39" count="0" type="stmt"/>
      <line num="43" count="0" type="stmt"/>
      <line num="46" count="1" type="stmt"/>
      <line num="47" count="1" type="stmt"/>
      <line num="48" count="1" type="stmt"/>
      <line num="49" count="1" type="stmt"/>
      <line num="51" count="1" type="stmt"/>
      <line num="52" count="3" type="stmt"/>
      <line num="55" count="1" type="cond" truecount="1" falsecount="1"/>
      <line num="56" count="1" type="stmt"/>
      <line num="60" count="1" type="stmt"/>
      <line num="61" count="12" type="stmt"/>
      <line num="62" count="12" type="cond" truecount="4" falsecount="0"/>
      <line num="64" count="2" type="stmt"/>
      <line num="65" count="2" type="stmt"/>
      <line num="67" count="12" type="stmt"/>
      <line num="69" count="1" type="stmt"/>
      <line num="71" count="1" type="stmt"/>
    </file>
    <file name="utils.js" path="/Users/john/Desktop/practice_algo/utils.js">
      <metrics statements="13" coveredstatements="13" conditionals="6" coveredconditionals="5" methods="1" coveredmethods="1"/>
      <line num="1" count="1" type="stmt"/>
      <line num="3" count="13" type="cond" truecount="1" falsecount="1"/>
      <line num="4" count="13" type="stmt"/>
      <line num="6" count="13" type="stmt"/>
      <line num="7" count="63" type="stmt"/>
      <line num="8" count="63" type="cond" truecount="2" falsecount="0"/>
      <line num="11" count="13" type="stmt"/>
      <line num="12" count="24" type="stmt"/>
      <line num="13" count="24" type="cond" truecount="2" falsecount="0"/>
      <line num="14" count="10" type="stmt"/>
      <line num="16" count="14" type="stmt"/>
      <line num="18" count="3" type="stmt"/>
      <line num="20" count="1" type="stmt"/>
    </file>
  </project>
</coverage>
