{"/Users/john/Desktop/practice_algo/sliding_window.js": {"path":"/Users/john/Desktop/practice_algo/sliding_window.js","statementMap":{"0":{"start":{"line":2,"column":19},"end":{"line":2,"column":37}},"1":{"start":{"line":3,"column":15},"end":{"line":20,"column":1}},"2":{"start":{"line":4,"column":19},"end":{"line":4,"column":20}},"3":{"start":{"line":5,"column":16},"end":{"line":5,"column":17}},"4":{"start":{"line":6,"column":13},"end":{"line":6,"column":14}},"5":{"start":{"line":8,"column":4},"end":{"line":16,"column":5}},"6":{"start":{"line":8,"column":16},"end":{"line":8,"column":17}},"7":{"start":{"line":9,"column":8},"end":{"line":9,"column":23}},"8":{"start":{"line":11,"column":8},"end":{"line":15,"column":9}},"9":{"start":{"line":12,"column":11},"end":{"line":12,"column":45}},"10":{"start":{"line":12,"column":30},"end":{"line":12,"column":45}},"11":{"start":{"line":13,"column":11},"end":{"line":13,"column":29}},"12":{"start":{"line":14,"column":12},"end":{"line":14,"column":23}},"13":{"start":{"line":18,"column":4},"end":{"line":18,"column":20}},"14":{"start":{"line":24,"column":22},"end":{"line":44,"column":1}},"15":{"start":{"line":25,"column":24},"end":{"line":25,"column":26}},"16":{"start":{"line":26,"column":15},"end":{"line":26,"column":16}},"17":{"start":{"line":26,"column":26},"end":{"line":26,"column":27}},"18":{"start":{"line":27,"column":14},"end":{"line":27,"column":16}},"19":{"start":{"line":29,"column":4},"end":{"line":41,"column":5}},"20":{"start":{"line":29,"column":16},"end":{"line":29,"column":17}},"21":{"start":{"line":30,"column":19},"end":{"line":30,"column":28}},"22":{"start":{"line":32,"column":8},"end":{"line":35,"column":9}},"23":{"start":{"line":33,"column":12},"end":{"line":33,"column":39}},"24":{"start":{"line":36,"column":8},"end":{"line":36,"column":32}},"25":{"start":{"line":37,"column":24},"end":{"line":37,"column":51}},"26":{"start":{"line":38,"column":8},"end":{"line":38,"column":77}},"27":{"start":{"line":38,"column":52},"end":{"line":38,"column":77}},"28":{"start":{"line":39,"column":8},"end":{"line":39,"column":19}},"29":{"start":{"line":43,"column":4},"end":{"line":43,"column":25}},"30":{"start":{"line":46,"column":21},"end":{"line":70,"column":1}},"31":{"start":{"line":47,"column":19},"end":{"line":47,"column":20}},"32":{"start":{"line":48,"column":17},"end":{"line":48,"column":19}},"33":{"start":{"line":49,"column":14},"end":{"line":49,"column":16}},"34":{"start":{"line":51,"column":4},"end":{"line":54,"column":5}},"35":{"start":{"line":51,"column":16},"end":{"line":51,"column":17}},"36":{"start":{"line":52,"column":8},"end":{"line":52,"column":25}},"37":{"start":{"line":55,"column":4},"end":{"line":57,"column":5}},"38":{"start":{"line":56,"column":8},"end":{"line":56,"column":20}},"39":{"start":{"line":60,"column":4},"end":{"line":68,"column":5}},"40":{"start":{"line":60,"column":16},"end":{"line":60,"column":17}},"41":{"start":{"line":61,"column":8},"end":{"line":61,"column":61}},"42":{"start":{"line":62,"column":8},"end":{"line":66,"column":9}},"43":{"start":{"line":64,"column":12},"end":{"line":64,"column":24}},"44":{"start":{"line":65,"column":12},"end":{"line":65,"column":30}},"45":{"start":{"line":67,"column":8},"end":{"line":67,"column":26}},"46":{"start":{"line":69,"column":4},"end":{"line":69,"column":20}},"47":{"start":{"line":71,"column":0},"end":{"line":71,"column":55}}},"fnMap":{"0":{"name":"(anonymous_0)","decl":{"start":{"line":3,"column":15},"end":{"line":3,"column":16}},"loc":{"start":{"line":3,"column":27},"end":{"line":20,"column":1}},"line":3},"1":{"name":"(anonymous_1)","decl":{"start":{"line":24,"column":22},"end":{"line":24,"column":23}},"loc":{"start":{"line":24,"column":33},"end":{"line":44,"column":1}},"line":24},"2":{"name":"(anonymous_2)","decl":{"start":{"line":46,"column":21},"end":{"line":46,"column":22}},"loc":{"start":{"line":46,"column":36},"end":{"line":70,"column":1}},"line":46}},"branchMap":{"0":{"loc":{"start":{"line":11,"column":8},"end":{"line":15,"column":9}},"type":"if","locations":[{"start":{"line":11,"column":8},"end":{"line":15,"column":9}},{"start":{},"end":{}}],"line":11},"1":{"loc":{"start":{"line":12,"column":11},"end":{"line":12,"column":45}},"type":"if","locations":[{"start":{"line":12,"column":11},"end":{"line":12,"column":45}},{"start":{},"end":{}}],"line":12},"2":{"loc":{"start":{"line":32,"column":8},"end":{"line":35,"column":9}},"type":"if","locations":[{"start":{"line":32,"column":8},"end":{"line":35,"column":9}},{"start":{},"end":{}}],"line":32},"3":{"loc":{"start":{"line":32,"column":11},"end":{"line":32,"column":42}},"type":"binary-expr","locations":[{"start":{"line":32,"column":11},"end":{"line":32,"column":22}},{"start":{"line":32,"column":26},"end":{"line":32,"column":42}}],"line":32},"4":{"loc":{"start":{"line":38,"column":8},"end":{"line":38,"column":77}},"type":"if","locations":[{"start":{"line":38,"column":8},"end":{"line":38,"column":77}},{"start":{},"end":{}}],"line":38},"5":{"loc":{"start":{"line":55,"column":4},"end":{"line":57,"column":5}},"type":"if","locations":[{"start":{"line":55,"column":4},"end":{"line":57,"column":5}},{"start":{},"end":{}}],"line":55},"6":{"loc":{"start":{"line":62,"column":8},"end":{"line":66,"column":9}},"type":"if","locations":[{"start":{"line":62,"column":8},"end":{"line":66,"column":9}},{"start":{},"end":{}}],"line":62},"7":{"loc":{"start":{"line":62,"column":11},"end":{"line":62,"column":50}},"type":"binary-expr","locations":[{"start":{"line":62,"column":11},"end":{"line":62,"column":23}},{"start":{"line":62,"column":27},"end":{"line":62,"column":50}}],"line":62}},"s":{"0":1,"1":1,"2":1,"3":1,"4":1,"5":1,"6":1,"7":5,"8":5,"9":4,"10":1,"11":4,"12":4,"13":1,"14":1,"15":0,"16":0,"17":0,"18":0,"19":0,"20":0,"21":0,"22":0,"23":0,"24":0,"25":0,"26":0,"27":0,"28":0,"29":0,"30":1,"31":1,"32":1,"33":1,"34":1,"35":1,"36":3,"37":1,"38":1,"39":1,"40":1,"41":12,"42":12,"43":2,"44":2,"45":12,"46":1,"47":1},"f":{"0":1,"1":0,"2":1},"b":{"0":[4,1],"1":[1,3],"2":[0,0],"3":[0,0],"4":[0,0],"5":[1,0],"6":[2,10],"7":[12,12]},"_coverageSchema":"1a1c01bbd47fc00a2c39e90264f33305004495a9","hash":"be0fe0ce6ff486d7a48a3e47243351233dfd042a"}
,"/Users/john/Desktop/practice_algo/utils.js": {"path":"/Users/john/Desktop/practice_algo/utils.js","statementMap":{"0":{"start":{"line":1,"column":19},"end":{"line":19,"column":1}},"1":{"start":{"line":3,"column":4},"end":{"line":3,"column":48}},"2":{"start":{"line":3,"column":35},"end":{"line":3,"column":48}},"3":{"start":{"line":4,"column":16},"end":{"line":4,"column":18}},"4":{"start":{"line":6,"column":4},"end":{"line":9,"column":5}},"5":{"start":{"line":6,"column":16},"end":{"line":6,"column":17}},"6":{"start":{"line":7,"column":19},"end":{"line":7,"column":26}},"7":{"start":{"line":8,"column":8},"end":{"line":8,"column":58}},"8":{"start":{"line":11,"column":4},"end":{"line":17,"column":5}},"9":{"start":{"line":11,"column":16},"end":{"line":11,"column":17}},"10":{"start":{"line":12,"column":19},"end":{"line":12,"column":26}},"11":{"start":{"line":13,"column":8},"end":{"line":15,"column":9}},"12":{"start":{"line":14,"column":11},"end":{"line":14,"column":24}},"13":{"start":{"line":16,"column":8},"end":{"line":16,"column":24}},"14":{"start":{"line":18,"column":4},"end":{"line":18,"column":16}},"15":{"start":{"line":20,"column":0},"end":{"line":20,"column":28}}},"fnMap":{"0":{"name":"(anonymous_0)","decl":{"start":{"line":1,"column":19},"end":{"line":1,"column":20}},"loc":{"start":{"line":1,"column":34},"end":{"line":19,"column":1}},"line":1}},"branchMap":{"0":{"loc":{"start":{"line":3,"column":4},"end":{"line":3,"column":48}},"type":"if","locations":[{"start":{"line":3,"column":4},"end":{"line":3,"column":48}},{"start":{},"end":{}}],"line":3},"1":{"loc":{"start":{"line":8,"column":8},"end":{"line":8,"column":58}},"type":"cond-expr","locations":[{"start":{"line":8,"column":24},"end":{"line":8,"column":39}},{"start":{"line":8,"column":42},"end":{"line":8,"column":58}}],"line":8},"2":{"loc":{"start":{"line":13,"column":8},"end":{"line":15,"column":9}},"type":"if","locations":[{"start":{"line":13,"column":8},"end":{"line":15,"column":9}},{"start":{},"end":{}}],"line":13}},"s":{"0":1,"1":13,"2":0,"3":13,"4":13,"5":13,"6":63,"7":63,"8":13,"9":13,"10":24,"11":24,"12":10,"13":14,"14":3,"15":1},"f":{"0":13},"b":{"0":[0,13],"1":[17,46],"2":[10,14]},"_coverageSchema":"1a1c01bbd47fc00a2c39e90264f33305004495a9","hash":"4896483d0459ca6b70ca499f918f07a2984003e2"}
}
