{"/Users/john/Desktop/practice_algo/sliding_window.js": {"path":"/Users/john/Desktop/practice_algo/sliding_window.js","statementMap":{"0":{"start":{"line":3,"column":15},"end":{"line":20,"column":1}},"1":{"start":{"line":4,"column":19},"end":{"line":4,"column":20}},"2":{"start":{"line":5,"column":16},"end":{"line":5,"column":17}},"3":{"start":{"line":6,"column":13},"end":{"line":6,"column":14}},"4":{"start":{"line":8,"column":4},"end":{"line":16,"column":5}},"5":{"start":{"line":8,"column":16},"end":{"line":8,"column":17}},"6":{"start":{"line":9,"column":8},"end":{"line":9,"column":23}},"7":{"start":{"line":11,"column":8},"end":{"line":15,"column":9}},"8":{"start":{"line":12,"column":11},"end":{"line":12,"column":45}},"9":{"start":{"line":12,"column":30},"end":{"line":12,"column":45}},"10":{"start":{"line":13,"column":11},"end":{"line":13,"column":29}},"11":{"start":{"line":14,"column":12},"end":{"line":14,"column":23}},"12":{"start":{"line":18,"column":4},"end":{"line":18,"column":20}},"13":{"start":{"line":24,"column":22},"end":{"line":44,"column":1}},"14":{"start":{"line":25,"column":24},"end":{"line":25,"column":26}},"15":{"start":{"line":26,"column":15},"end":{"line":26,"column":16}},"16":{"start":{"line":26,"column":26},"end":{"line":26,"column":27}},"17":{"start":{"line":27,"column":14},"end":{"line":27,"column":16}},"18":{"start":{"line":29,"column":4},"end":{"line":41,"column":5}},"19":{"start":{"line":29,"column":16},"end":{"line":29,"column":17}},"20":{"start":{"line":30,"column":19},"end":{"line":30,"column":28}},"21":{"start":{"line":32,"column":8},"end":{"line":35,"column":9}},"22":{"start":{"line":33,"column":12},"end":{"line":33,"column":39}},"23":{"start":{"line":36,"column":8},"end":{"line":36,"column":32}},"24":{"start":{"line":37,"column":24},"end":{"line":37,"column":51}},"25":{"start":{"line":38,"column":8},"end":{"line":38,"column":77}},"26":{"start":{"line":38,"column":52},"end":{"line":38,"column":77}},"27":{"start":{"line":39,"column":8},"end":{"line":39,"column":19}},"28":{"start":{"line":43,"column":4},"end":{"line":43,"column":25}},"29":{"start":{"line":47,"column":0},"end":{"line":47,"column":41}}},"fnMap":{"0":{"name":"(anonymous_0)","decl":{"start":{"line":3,"column":15},"end":{"line":3,"column":16}},"loc":{"start":{"line":3,"column":27},"end":{"line":20,"column":1}},"line":3},"1":{"name":"(anonymous_1)","decl":{"start":{"line":24,"column":22},"end":{"line":24,"column":23}},"loc":{"start":{"line":24,"column":33},"end":{"line":44,"column":1}},"line":24}},"branchMap":{"0":{"loc":{"start":{"line":11,"column":8},"end":{"line":15,"column":9}},"type":"if","locations":[{"start":{"line":11,"column":8},"end":{"line":15,"column":9}},{"start":{},"end":{}}],"line":11},"1":{"loc":{"start":{"line":12,"column":11},"end":{"line":12,"column":45}},"type":"if","locations":[{"start":{"line":12,"column":11},"end":{"line":12,"column":45}},{"start":{},"end":{}}],"line":12},"2":{"loc":{"start":{"line":32,"column":8},"end":{"line":35,"column":9}},"type":"if","locations":[{"start":{"line":32,"column":8},"end":{"line":35,"column":9}},{"start":{},"end":{}}],"line":32},"3":{"loc":{"start":{"line":32,"column":11},"end":{"line":32,"column":42}},"type":"binary-expr","locations":[{"start":{"line":32,"column":11},"end":{"line":32,"column":22}},{"start":{"line":32,"column":26},"end":{"line":32,"column":42}}],"line":32},"4":{"loc":{"start":{"line":38,"column":8},"end":{"line":38,"column":77}},"type":"if","locations":[{"start":{"line":38,"column":8},"end":{"line":38,"column":77}},{"start":{},"end":{}}],"line":38}},"s":{"0":1,"1":1,"2":1,"3":1,"4":1,"5":1,"6":5,"7":5,"8":4,"9":1,"10":4,"11":4,"12":1,"13":1,"14":0,"15":0,"16":0,"17":0,"18":0,"19":0,"20":0,"21":0,"22":0,"23":0,"24":0,"25":0,"26":0,"27":0,"28":0,"29":1},"f":{"0":1,"1":0},"b":{"0":[4,1],"1":[1,3],"2":[0,0],"3":[0,0],"4":[0,0]},"_coverageSchema":"1a1c01bbd47fc00a2c39e90264f33305004495a9","hash":"222e9a131d0e07a20f9574722375e0dfcd407a7d"}
}
