TN:
SF:sliding_window.js
FN:3,(anonymous_0)
FN:24,(anonymous_1)
FN:46,(anonymous_2)
FNF:3
FNH:2
FNDA:1,(anonymous_0)
FNDA:0,(anonymous_1)
FNDA:1,(anonymous_2)
DA:2,1
DA:3,1
DA:4,1
DA:5,1
DA:6,1
DA:8,1
DA:9,5
DA:11,5
DA:12,4
DA:13,4
DA:14,4
DA:18,1
DA:24,1
DA:25,0
DA:26,0
DA:27,0
DA:29,0
DA:30,0
DA:32,0
DA:33,0
DA:36,0
DA:37,0
DA:38,0
DA:39,0
DA:43,0
DA:46,1
DA:47,1
DA:48,1
DA:49,1
DA:51,1
DA:52,3
DA:55,1
DA:56,1
DA:60,1
DA:61,12
DA:62,12
DA:64,2
DA:65,2
DA:67,12
DA:69,1
DA:71,1
LF:41
LH:29
BRDA:11,0,0,4
BRDA:11,0,1,1
BRDA:12,1,0,1
BRDA:12,1,1,3
BRDA:32,2,0,0
BRDA:32,2,1,0
BRDA:32,3,0,0
BRDA:32,3,1,0
BRDA:38,4,0,0
BRDA:38,4,1,0
BRDA:55,5,0,1
BRDA:55,5,1,0
BRDA:62,6,0,2
BRDA:62,6,1,10
BRDA:62,7,0,12
BRDA:62,7,1,12
BRF:16
BRH:9
end_of_record
TN:
SF:utils.js
FN:1,(anonymous_0)
FNF:1
FNH:1
FNDA:13,(anonymous_0)
DA:1,1
DA:3,13
DA:4,13
DA:6,13
DA:7,63
DA:8,63
DA:11,13
DA:12,24
DA:13,24
DA:14,10
DA:16,14
DA:18,3
DA:20,1
LF:13
LH:13
BRDA:3,0,0,0
BRDA:3,0,1,13
BRDA:8,1,0,17
BRDA:8,1,1,46
BRDA:13,2,0,10
BRDA:13,2,1,14
BRF:6
BRH:5
end_of_record
